-------------------------------------------------------------------------------
Test set: Test_Currency
-------------------------------------------------------------------------------
Tests run: 4, Failures: 0, Errors: 1, Skipped: 0, Time elapsed: 133.417 s <<< FAILURE! - in Test_Currency
delete  Time elapsed: 3.176 s  <<< ERROR!
org.openqa.selenium.NoSuchElementException: 
Cannot locate an element using xpath=//*[@id="layout-wrapper"]/div[2]/div[2]/div/div/div/div/div/div[2]/div/div/div[2]/div[2]/div[3]/div[1]/div/div[1]/div[1]/div/div[1]/div/a/i
For documentation on this error, please visit: https://www.seleniumhq.org/exceptions/no_such_element.html
Build info: version: '3.141.59', revision: 'e82be7d358', time: '2018-11-14T08:17:03'
System info: host: 'DESKTOP-88054L4', ip: '192.168.1.23', os.name: 'Windows 11', os.arch: 'amd64', os.version: '10.0', java.version: '17.0.10'
Driver info: driver.version: RemoteWebDriver
	at Test_ClientHsmLmk.delete(Test_ClientHsmLmk.java:123)

